<?xml version="1.0" encoding="UTF-8"?>
<testsuite name="com.homework.manager.SchedulerTest" tests="1" skipped="0" failures="0" errors="0" timestamp="2023-12-27T22:24:37" hostname="Sergios-MacBook-Pro.local" time="0.008">
  <properties/>
  <testcase name="add3NodesWithIncorrectRanges()" classname="com.homework.manager.SchedulerTest" time="0.008"/>
  <system-out><![CDATA[]]></system-out>
  <system-err><![CDATA[]]></system-err>
</testsuite>
