<?xml version="1.0" encoding="UTF-8"?>
<testsuite name="com.homework.node.ScheduleTest" tests="4" skipped="0" failures="0" errors="0" timestamp="2023-12-27T22:40:47" hostname="Sergios-MacBook-Pro.local" time="0.002">
  <properties/>
  <testcase name="incorrectLimits()" classname="com.homework.node.ScheduleTest" time="0.0"/>
  <testcase name="setIsAfterWithIncorrectLimits()" classname="com.homework.node.ScheduleTest" time="0.0"/>
  <testcase name="setOverrideWithIncorrectLimits()" classname="com.homework.node.ScheduleTest" time="0.001"/>
  <testcase name="setIsBeforeWithIncorrectLimits()" classname="com.homework.node.ScheduleTest" time="0.0"/>
  <system-out><![CDATA[]]></system-out>
  <system-err><![CDATA[]]></system-err>
</testsuite>
